#
# There is insufficient memory for the Java Runtime Environment to continue.
# Native memory allocation (malloc) failed to allocate 890656 bytes for Chunk::new
# Possible reasons:
#   The system is out of physical RAM or swap space
#   In 32 bit mode, the process size limit was hit
# Possible solutions:
#   Reduce memory load on the system
#   Increase physical memory or swap space
#   Check if swap backing store is full
#   Use 64 bit Java on a 64 bit OS
#   Decrease Java heap size (-Xmx/-Xms)
#   Decrease number of Java threads
#   Decrease Java thread stack sizes (-Xss)
#   Set larger code cache with -XX:ReservedCodeCacheSize=
# This output file may be truncated or incomplete.
#
#  Out of Memory Error (allocation.cpp:323), pid=14492, tid=17252
#
# JRE version: Java(TM) SE Runtime Environment (7.0_79-b15) (build 1.7.0_79-b15)
# Java VM: Java HotSpot(TM) 64-Bit Server VM (24.79-b02 mixed mode windows-amd64 compressed oops)
# Failed to write core dump. Minidumps are not enabled by default on client versions of Windows
#

---------------  T H R E A D  ---------------

Current thread (0x00000000085a3800):  JavaThread "C2 CompilerThread0" daemon [_thread_in_native, id=17252, stack(0x0000000009b10000,0x0000000009c10000)]

Stack: [0x0000000009b10000,0x0000000009c10000]

Current CompileTask:
C2:   4847  221   !         com.android.dx.cf.code.Ropper::processBlock (1101 bytes)


---------------  P R O C E S S  ---------------

Java Threads: ( => current thread )
  0x000000000a05f000 JavaThread "pool-1-thread-4" [_thread_in_Java, id=15956, stack(0x000000000a710000,0x000000000a810000)]
  0x000000000a05e000 JavaThread "pool-1-thread-3" [_thread_in_Java, id=15100, stack(0x000000000a610000,0x000000000a710000)]
  0x000000000a07e000 JavaThread "pool-1-thread-2" [_thread_in_Java, id=16740, stack(0x000000000a510000,0x000000000a610000)]
  0x000000000a05b800 JavaThread "pool-2-thread-1" [_thread_blocked, id=12656, stack(0x000000000a410000,0x000000000a510000)]
  0x000000000a026800 JavaThread "pool-1-thread-1" [_thread_in_vm, id=7308, stack(0x000000000a310000,0x000000000a410000)]
  0x00000000085b8800 JavaThread "Service Thread" daemon [_thread_blocked, id=9492, stack(0x0000000009d10000,0x0000000009e10000)]
  0x00000000085a6000 JavaThread "C2 CompilerThread1" daemon [_thread_in_native, id=9604, stack(0x0000000009c10000,0x0000000009d10000)]
=>0x00000000085a3800 JavaThread "C2 CompilerThread0" daemon [_thread_in_native, id=17252, stack(0x0000000009b10000,0x0000000009c10000)]
  0x00000000085a2800 JavaThread "Attach Listener" daemon [_thread_blocked, id=8048, stack(0x0000000009a10000,0x0000000009b10000)]
  0x000000000859f800 JavaThread "Signal Dispatcher" daemon [_thread_blocked, id=15980, stack(0x0000000009910000,0x0000000009a10000)]
  0x0000000008569000 JavaThread "Finalizer" daemon [_thread_blocked, id=2132, stack(0x0000000009810000,0x0000000009910000)]
  0x0000000008565800 JavaThread "Reference Handler" daemon [_thread_blocked, id=8100, stack(0x0000000009710000,0x0000000009810000)]
  0x00000000025b0800 JavaThread "main" [_thread_in_vm, id=4072, stack(0x0000000002490000,0x0000000002590000)]

Other Threads:
  0x0000000008561800 VMThread [stack: 0x0000000009610000,0x0000000009710000] [id=13416]
  0x00000000085c3000 WatcherThread [stack: 0x0000000009e10000,0x0000000009f10000] [id=2404]

VM state:not at safepoint (normal execution)

VM Mutex/Monitor currently owned by a thread: None

Heap
 PSYoungGen      total 38400K, used 14699K [0x00000000eaa80000, 0x00000000ed500000, 0x0000000100000000)
  eden space 33280K, 28% used [0x00000000eaa80000,0x00000000eb3dc7a8,0x00000000ecb00000)
  from space 5120K, 99% used [0x00000000ecb00000,0x00000000ecffe4c8,0x00000000ed000000)
  to   space 5120K, 0% used [0x00000000ed000000,0x00000000ed000000,0x00000000ed500000)
 ParOldGen       total 86016K, used 2794K [0x00000000c0000000, 0x00000000c5400000, 0x00000000eaa80000)
  object space 86016K, 3% used [0x00000000c0000000,0x00000000c02ba9a8,0x00000000c5400000)
 PSPermGen       total 21504K, used 5749K [0x00000000bae00000, 0x00000000bc300000, 0x00000000c0000000)
  object space 21504K, 26% used [0x00000000bae00000,0x00000000bb39d688,0x00000000bc300000)

Card table byte_map: [0x0000000005780000,0x00000000059b0000] byte_map_base: 0x00000000051a9000

Polling page: 0x0000000002470000

Code Cache  [0x00000000026c0000, 0x0000000002930000, 0x00000000056c0000)
 total_blobs=457 nmethods=221 adapters=188 free_code_cache=48291Kb largest_free_block=49425216

Compilation events (10 events):
Event: 4.746 Thread 0x00000000085a3800 nmethod 216 0x000000000272da10 code [0x000000000272db60, 0x000000000272dc38]
Event: 4.746 Thread 0x00000000085a3800  217             com.android.dx.cf.code.Frame::getStack (5 bytes)
Event: 4.746 Thread 0x00000000085a3800 nmethod 217 0x0000000002795c90 code [0x0000000002795dc0, 0x0000000002795e18]
Event: 4.746 Thread 0x00000000085a3800  218             java.util.HashMap::<init> (9 bytes)
Event: 4.747 Thread 0x00000000085a3800 nmethod 218 0x000000000278e890 code [0x000000000278e9e0, 0x000000000278ea98]
Event: 4.747 Thread 0x00000000085a3800  219             java.util.HashMap::put (142 bytes)
Event: 4.761 Thread 0x00000000085a3800 nmethod 219 0x0000000002784d50 code [0x0000000002784f60, 0x0000000002785710]
Event: 4.761 Thread 0x00000000085a3800  220             com.android.dx.ssa.SsaMethod$1::visitNonMoveInsn (26 bytes)
Event: 4.763 Thread 0x00000000085a3800 nmethod 220 0x0000000002784990 code [0x0000000002784ae0, 0x0000000002784bd8]
Event: 4.763 Thread 0x00000000085a3800  221   !         com.android.dx.cf.code.Ropper::processBlock (1101 bytes)

GC Heap History (2 events):
Event: 4.652 GC heap before
{Heap before GC invocations=1 (full 0):
 PSYoungGen      total 38400K, used 33280K [0x00000000eaa80000, 0x00000000ed500000, 0x0000000100000000)
  eden space 33280K, 100% used [0x00000000eaa80000,0x00000000ecb00000,0x00000000ecb00000)
  from space 5120K, 0% used [0x00000000ed000000,0x00000000ed000000,0x00000000ed500000)
  to   space 5120K, 0% used [0x00000000ecb00000,0x00000000ecb00000,0x00000000ed000000)
 ParOldGen       total 86016K, used 0K [0x00000000c0000000, 0x00000000c5400000, 0x00000000eaa80000)
  object space 86016K, 0% used [0x00000000c0000000,0x00000000c0000000,0x00000000c5400000)
 PSPermGen       total 21504K, used 5728K [0x00000000bae00000, 0x00000000bc300000, 0x00000000c0000000)
  object space 21504K, 26% used [0x00000000bae00000,0x00000000bb3983a0,0x00000000bc300000)
Event: 4.670 GC heap after
Heap after GC invocations=1 (full 0):
 PSYoungGen      total 38400K, used 5113K [0x00000000eaa80000, 0x00000000ed500000, 0x0000000100000000)
  eden space 33280K, 0% used [0x00000000eaa80000,0x00000000eaa80000,0x00000000ecb00000)
  from space 5120K, 99% used [0x00000000ecb00000,0x00000000ecffe4c8,0x00000000ed000000)
  to   space 5120K, 0% used [0x00000000ed000000,0x00000000ed000000,0x00000000ed500000)
 ParOldGen       total 86016K, used 2794K [0x00000000c0000000, 0x00000000c5400000, 0x00000000eaa80000)
  object space 86016K, 3% used [0x00000000c0000000,0x00000000c02ba9a8,0x00000000c5400000)
 PSPermGen       total 21504K, used 5728K [0x00000000bae00000, 0x00000000bc300000, 0x00000000c0000000)
  object space 21504K, 26% used [0x00000000bae00000,0x00000000bb3983a0,0x00000000bc300000)
}

Deoptimization events (5 events):
Event: 3.352 Thread 0x00000000025b0800 Uncommon trap: reason=class_check action=maybe_recompile pc=0x00000000027356d4 method=com.android.dx.ssa.NormalSsaInsn.accept(Lcom/android/dx/ssa/SsaInsn$Visitor;)V @ 9
Event: 3.388 Thread 0x000000000a05e000 Uncommon trap: reason=class_check action=maybe_recompile pc=0x00000000027356d4 method=com.android.dx.ssa.NormalSsaInsn.accept(Lcom/android/dx/ssa/SsaInsn$Visitor;)V @ 9
Event: 3.519 Thread 0x00000000025b0800 Uncommon trap: reason=class_check action=maybe_recompile pc=0x00000000027356d4 method=com.android.dx.ssa.NormalSsaInsn.accept(Lcom/android/dx/ssa/SsaInsn$Visitor;)V @ 9
Event: 3.519 Thread 0x00000000025b0800 Uncommon trap: reason=class_check action=maybe_recompile pc=0x00000000027356d4 method=com.android.dx.ssa.NormalSsaInsn.accept(Lcom/android/dx/ssa/SsaInsn$Visitor;)V @ 9
Event: 4.152 Thread 0x000000000a026800 Uncommon trap: reason=unreached action=reinterpret pc=0x0000000002761dc4 method=com.android.dx.rop.cst.Constant.compareTo(Lcom/android/dx/rop/cst/Constant;)I @ 12

Internal exceptions (10 events):
Event: 3.156 Thread 0x000000000a05e000 Threw 0x00000000eb3f0ee0 at C:\re\jdk7u79\2331\hotspot\src\share\vm\prims\jvm.cpp:1304
Event: 3.166 Thread 0x000000000a05e000 Threw 0x00000000eb406978 at C:\re\jdk7u79\2331\hotspot\src\share\vm\prims\jvm.cpp:1304
Event: 3.171 Thread 0x000000000a05e000 Threw 0x00000000eb418ff0 at C:\re\jdk7u79\2331\hotspot\src\share\vm\prims\jvm.cpp:1304
Event: 3.171 Thread 0x000000000a05e000 Threw 0x00000000eb41e818 at C:\re\jdk7u79\2331\hotspot\src\share\vm\prims\jvm.cpp:1304
Event: 3.172 Thread 0x000000000a05e000 Threw 0x00000000eb423f08 at C:\re\jdk7u79\2331\hotspot\src\share\vm\prims\jvm.cpp:1304
Event: 3.201 Thread 0x00000000025b0800 Threw 0x00000000eb1213d8 at C:\re\jdk7u79\2331\hotspot\src\share\vm\prims\jvm.cpp:1304
Event: 3.236 Thread 0x000000000a07e000 Threw 0x00000000eb2af500 at C:\re\jdk7u79\2331\hotspot\src\share\vm\prims\jvm.cpp:1304
Event: 3.402 Thread 0x000000000a05f000 Threw 0x00000000eb729318 at C:\re\jdk7u79\2331\hotspot\src\share\vm\prims\jvm.cpp:1304
Event: 3.639 Thread 0x00000000025b0800 Threw 0x00000000ebc80bb8 at C:\re\jdk7u79\2331\hotspot\src\share\vm\prims\jvm.cpp:1304
Event: 4.565 Thread 0x00000000025b0800 Threw 0x00000000ec8da828 at C:\re\jdk7u79\2331\hotspot\src\share\vm\prims\jvm.cpp:1304

Events (10 events):
Event: 3.519 Thread 0x00000000025b0800 DEOPT UNPACKING pc=0x00000000026f75a4 sp=0x000000000258ddf0 mode 2
Event: 3.639 loading class 0x0000000009f522e0
Event: 3.639 loading class 0x0000000009f522e0 done
Event: 4.152 Thread 0x000000000a026800 Uncommon trap: trap_request=0xffffffad fr.pc=0x0000000002761dc4
Event: 4.152 Thread 0x000000000a026800 DEOPT PACKING pc=0x0000000002761dc4 sp=0x000000000a40ec30
Event: 4.153 Thread 0x000000000a026800 DEOPT UNPACKING pc=0x00000000026f75a4 sp=0x000000000a40ebd0 mode 2
Event: 4.564 loading class 0x000000000a0fa120
Event: 4.564 loading class 0x000000000a0fa120 done
Event: 4.642 Executing VM operation: ParallelGCFailedAllocation
Event: 4.670 Executing VM operation: ParallelGCFailedAllocation done


Dynamic libraries:
0x00007ff71b3b0000 - 0x00007ff71b3e3000 	C:\Program Files\Java\jdk1.7.0_79\bin\java.exe
0x00007ff85bfb0000 - 0x00007ff85c171000 	C:\WINDOWS\SYSTEM32\ntdll.dll
0x00007ff85a4c0000 - 0x00007ff85a56d000 	C:\WINDOWS\system32\KERNEL32.DLL
0x00007ff858f30000 - 0x00007ff859118000 	C:\WINDOWS\system32\KERNELBASE.dll
0x00007ff85a570000 - 0x00007ff85a617000 	C:\WINDOWS\system32\ADVAPI32.dll
0x00007ff85bba0000 - 0x00007ff85bc3d000 	C:\WINDOWS\system32\msvcrt.dll
0x00007ff85bca0000 - 0x00007ff85bcfb000 	C:\WINDOWS\system32\sechost.dll
0x00007ff859b10000 - 0x00007ff859c2c000 	C:\WINDOWS\system32\RPCRT4.dll
0x00007ff85bd00000 - 0x00007ff85be56000 	C:\WINDOWS\system32\USER32.dll
0x00007ff85a020000 - 0x00007ff85a1a6000 	C:\WINDOWS\system32\GDI32.dll
0x00007ff855610000 - 0x00007ff855884000 	C:\WINDOWS\WinSxS\amd64_microsoft.windows.common-controls_6595b64144ccf1df_6.0.10586.589_none_a2ddb3caa539acce\COMCTL32.dll
0x00007ff85a1b0000 - 0x00007ff85a42d000 	C:\WINDOWS\system32\combase.dll
0x00007ff8591a0000 - 0x00007ff85920a000 	C:\WINDOWS\system32\bcryptPrimitives.dll
0x00007ff8599c0000 - 0x00007ff8599fb000 	C:\WINDOWS\system32\IMM32.DLL
0x0000000055220000 - 0x00000000552f2000 	C:\Program Files\Java\jdk1.7.0_79\jre\bin\msvcr100.dll
0x00000000556e0000 - 0x0000000055eb5000 	C:\Program Files\Java\jdk1.7.0_79\jre\bin\server\jvm.dll
0x00007ff8593b0000 - 0x00007ff8593b8000 	C:\WINDOWS\system32\PSAPI.DLL
0x00007ff83bca0000 - 0x00007ff83bca9000 	C:\WINDOWS\SYSTEM32\WSOCK32.dll
0x00007ff85a450000 - 0x00007ff85a4bb000 	C:\WINDOWS\system32\WS2_32.dll
0x00007ff856d80000 - 0x00007ff856da3000 	C:\WINDOWS\SYSTEM32\WINMM.dll
0x00007ff856d20000 - 0x00007ff856d4c000 	C:\WINDOWS\SYSTEM32\WINMMBASE.dll
0x00007ff859360000 - 0x00007ff8593a3000 	C:\WINDOWS\system32\cfgmgr32.dll
0x00000000556d0000 - 0x00000000556df000 	C:\Program Files\Java\jdk1.7.0_79\jre\bin\verify.dll
0x00000000556a0000 - 0x00000000556c8000 	C:\Program Files\Java\jdk1.7.0_79\jre\bin\java.dll
0x0000000055680000 - 0x0000000055695000 	C:\Program Files\Java\jdk1.7.0_79\jre\bin\zip.dll
0x0000000055660000 - 0x000000005567a000 	C:\Program Files\Java\jdk1.7.0_79\jre\bin\net.dll
0x00007ff857ea0000 - 0x00007ff857efc000 	C:\WINDOWS\system32\mswsock.dll
0x0000000055640000 - 0x0000000055651000 	C:\Program Files\Java\jdk1.7.0_79\jre\bin\nio.dll

VM Arguments:
jvm_args: -Djava.awt.headless=true -Xmx1024M -Dfile.encoding=windows-1252 -Duser.country=US -Duser.language=en -Duser.variant 
java_command: com.android.dx.command.Main --dex --num-threads=4 --output D:\ADUU\AndroidStudioProjects\Transport\app\build\intermediates\pre-dexed\debug\com.google.firebase-firebase-analytics-impl-9.4.0_ed20b5de1a81c19c9e54c92e5b0958454e8e1ff8.jar D:\ADUU\AndroidStudioProjects\Transport\app\build\intermediates\exploded-aar\com.google.firebase\firebase-analytics-impl\9.4.0\jars\classes.jar
Launcher Type: SUN_STANDARD

Environment Variables:
PATH=C:\Program Files (x86)\Intel\iCLS Client\;C:\Program Files\Intel\iCLS Client\;C:\Windows\system32;C:\Windows;C:\Windows\System32\Wbem;C:\Windows\System32\WindowsPowerShell\v1.0\;C:\Program Files\Intel\Intel(R) Management Engine Components\DAL;C:\Program Files\Intel\Intel(R) Management Engine Components\IPT;C:\Program Files (x86)\Intel\Intel(R) Management Engine Components\DAL;C:\Program Files (x86)\Intel\Intel(R) Management Engine Components\IPT;C:\Program Files (x86)\NVIDIA Corporation\PhysX\Common;C:\Program Files (x86)\Common Files\lenovo\easyplussdk\bin;C:\WINDOWS\system32;C:\WINDOWS;C:\WINDOWS\System32\Wbem;C:\WINDOWS\System32\WindowsPowerShell\v1.0\;C:\Program Files\Git\cmd;C:\Android;C:\Program Files\nodejs\;C:\Program Files (x86)\Heroku\bin;C:\Program Files (x86)\git\cmd;C:\Program Files (x86)\Git\cmd;C:\Users\ABCD\AppData\Roaming\npm
USERNAME=ABCD
OS=Windows_NT
PROCESSOR_IDENTIFIER=Intel64 Family 6 Model 69 Stepping 1, GenuineIntel



---------------  S Y S T E M  ---------------

OS: Windows 8.1 , 64 bit Build 9600 

CPU:total 4 (2 cores per cpu, 2 threads per core) family 6 model 69 stepping 1, cmov, cx8, fxsr, mmx, sse, sse2, sse3, ssse3, sse4.1, sse4.2, popcnt, avx, avx2, aes, erms, ht, tsc, tscinvbit

Memory: 4k page, physical 8278296k(2707272k free), swap 25055512k(5852k free)

vm_info: Java HotSpot(TM) 64-Bit Server VM (24.79-b02) for windows-amd64 JRE (1.7.0_79-b15), built on Apr 10 2015 12:36:16 by "java_re" with unknown MS VC++:1600

endStopName: Fri Oct 21 08:14:10 2016
elapsed endStopName: 4 seconds

